0 verbose cli C:\Program Files\nodejs\node.exe C:\Program Files\nodejs\node_modules\npm\bin\npm-cli.js
1 info using npm@10.5.2
2 info using node@v20.12.2
3 timing npm:load:whichnode Completed in 3ms
4 timing config:load:defaults Completed in 5ms
5 timing config:load:file:C:\Users\DELL\AppData\Roaming\nvm\v20.12.2\node_modules\npm\npmrc Completed in 1ms
6 timing config:load:builtin Completed in 1ms
7 timing config:load:cli Completed in 6ms
8 timing config:load:env Completed in 1ms
9 timing config:load:file:C:\Users\DELL\Desktop\projects\aplicativo_de_vale_v2\nodejs_space\.npmrc Completed in 1ms
10 timing config:load:project Completed in 3ms
11 timing config:load:file:C:\Users\DELL\Desktop\projects\aplicativo_de_vale_v2\nodejs_space\.home\.npmrc Completed in 0ms
12 timing config:load:user Completed in 0ms
13 timing config:load:file:C:\Program Files\nodejs\etc\npmrc Completed in 0ms
14 timing config:load:global Completed in 0ms
15 timing config:load:setEnvs Completed in 3ms
16 timing config:load Completed in 21ms
17 timing npm:load:configload Completed in 21ms
18 timing config:load:flatten Completed in 6ms
19 timing npm:load:mkdirpcache Completed in 2ms
20 timing npm:load:mkdirplogs Completed in 1ms
21 verbose title npm ls @scarf/scarf
22 verbose argv "ls" "@scarf/scarf" "--json" "--long"
23 timing npm:load:setTitle Completed in 2ms
24 timing npm:load:display Completed in 1ms
25 verbose logfile logs-max:10 dir:C:\Users\DELL\Desktop\projects\aplicativo_de_vale_v2\nodejs_space\.home\AppData\Local\npm-cache\_logs\2026-03-18T19_21_04_011Z-
26 verbose logfile C:\Users\DELL\Desktop\projects\aplicativo_de_vale_v2\nodejs_space\.home\AppData\Local\npm-cache\_logs\2026-03-18T19_21_04_011Z-debug-0.log
27 timing npm:load:logFile Completed in 5ms
28 timing npm:load:timers Completed in 0ms
29 timing npm:load:configScope Completed in 0ms
30 timing npm:load Completed in 219ms
31 timing arborist:ctor Completed in 1ms
32 silly logfile done cleaning log files
33 http fetch GET 200 https://registry.npmjs.org/npm 394ms
34 timing command:ls Completed in 26969ms
35 notice
35 notice New major version of npm available! 10.5.2 -> 11.11.1
35 notice Changelog: <https://github.com/npm/cli/releases/tag/v11.11.1>
35 notice Run `npm install -g npm@11.11.1` to update!
35 notice
36 verbose exit 0
37 timing npm Completed in 28654ms
38 info ok
